This is pdfTeX, Version 3.141592653-2.6-1.40.25 (MiKTeX 23.4) (preloaded format=pdflatex 2024.2.12)  26 MAR 2024 03:04
entering extended mode
 restricted \write18 enabled.
 file:line:error style messages enabled.
 %&-line parsing enabled.
**"d:/Escuela/EDA_2/Proyectos/Proyecto1/Trabajo escrito/TrabajoEscrito.tex"
(d:/Escuela/EDA_2/Proyectos/Proyecto1/Trabajo escrito/TrabajoEscrito.tex
LaTeX2e <2022-11-01> patch level 1
L3 programming layer <2023-03-30> (C:\Users\zarat\AppData\Local\Programs\MiKTeX\tex/latex/base\article.cls
Document Class: article 2022/07/02 v1.4n Standard LaTeX document class
(C:\Users\zarat\AppData\Local\Programs\MiKTeX\tex/latex/base\size12.clo
File: size12.clo 2022/07/02 v1.4n Standard LaTeX file (size option)
)
\c@part=\count185
\c@section=\count186
\c@subsection=\count187
\c@subsubsection=\count188
\c@paragraph=\count189
\c@subparagraph=\count190
\c@figure=\count191
\c@table=\count192
\abovecaptionskip=\skip48
\belowcaptionskip=\skip49
\bibindent=\dimen140
) (C:\Users\zarat\AppData\Local\Programs\MiKTeX\tex/latex/enumitem\enumitem.sty
Package: enumitem 2019/06/20 v3.9 Customized lists
\enitkv@toks@=\toks16
\labelindent=\skip50
\enit@outerparindent=\dimen141
\enit@toks=\toks17
\enit@inbox=\box51
\enit@count@id=\count193
\enitdp@description=\count194
) (C:\Users\zarat\AppData\Local\Programs\MiKTeX\tex/latex/geometry\geometry.sty
Package: geometry 2020/01/02 v5.9 Page Geometry
 (C:\Users\zarat\AppData\Local\Programs\MiKTeX\tex/latex/graphics\keyval.sty
Package: keyval 2022/05/29 v1.15 key=value parser (DPC)
\KV@toks@=\toks18
) (C:\Users\zarat\AppData\Local\Programs\MiKTeX\tex/generic/iftex\ifvtex.sty
Package: ifvtex 2019/10/25 v1.7 ifvtex legacy package. Use iftex instead.
 (C:\Users\zarat\AppData\Local\Programs\MiKTeX\tex/generic/iftex\iftex.sty
Package: iftex 2022/02/03 v1.0f TeX engine tests
))
\Gm@cnth=\count195
\Gm@cntv=\count196
\c@Gm@tempcnt=\count197
\Gm@bindingoffset=\dimen142
\Gm@wd@mp=\dimen143
\Gm@odd@mp=\dimen144
\Gm@even@mp=\dimen145
\Gm@layoutwidth=\dimen146
\Gm@layoutheight=\dimen147
\Gm@layouthoffset=\dimen148
\Gm@layoutvoffset=\dimen149
\Gm@dimlist=\toks19
 (C:\Users\zarat\AppData\Local\Programs\MiKTeX\tex/latex/geometry\geometry.cfg)) (C:\Users\zarat\AppData\Local\Programs\MiKTeX\tex/latex/graphics\graphicx.sty
Package: graphicx 2021/09/16 v1.2d Enhanced LaTeX Graphics (DPC,SPQR)
 (C:\Users\zarat\AppData\Local\Programs\MiKTeX\tex/latex/graphics\graphics.sty
Package: graphics 2022/03/10 v1.4e Standard LaTeX Graphics (DPC,SPQR)
 (C:\Users\zarat\AppData\Local\Programs\MiKTeX\tex/latex/graphics\trig.sty
Package: trig 2021/08/11 v1.11 sin cos tan (DPC)
) (C:\Users\zarat\AppData\Local\Programs\MiKTeX\tex/latex/graphics-cfg\graphics.cfg
File: graphics.cfg 2016/06/04 v1.11 sample graphics configuration
)
Package graphics Info: Driver file: pdftex.def on input line 107.
 (C:\Users\zarat\AppData\Local\Programs\MiKTeX\tex/latex/graphics-def\pdftex.def
File: pdftex.def 2022/09/22 v1.2b Graphics/color driver for pdftex
))
\Gin@req@height=\dimen150
\Gin@req@width=\dimen151
) (C:\Users\zarat\AppData\Local\Programs\MiKTeX\tex/latex/subfig\subfig.sty
Package: subfig 2005/06/28 ver: 1.3 subfig package
 (C:\Users\zarat\AppData\Local\Programs\MiKTeX\tex/latex/caption\caption.sty
Package: caption 2023/08/05 v3.6o Customizing captions (AR)
 (C:\Users\zarat\AppData\Local\Programs\MiKTeX\tex/latex/caption\caption3.sty
Package: caption3 2023/07/31 v2.4d caption3 kernel (AR)
\caption@tempdima=\dimen152
\captionmargin=\dimen153
\caption@leftmargin=\dimen154
\caption@rightmargin=\dimen155
\caption@width=\dimen156
\caption@indent=\dimen157
\caption@parindent=\dimen158
\caption@hangindent=\dimen159
Package caption Info: Standard document class detected.
)
\c@caption@flags=\count198
\c@continuedfloat=\count199
)
\c@KVtest=\count266
\sf@farskip=\skip51
\sf@captopadj=\dimen160
\sf@capskip=\skip52
\sf@nearskip=\skip53
\c@subfigure=\count267
\c@subfigure@save=\count268
\c@lofdepth=\count269
\c@subtable=\count270
\c@subtable@save=\count271
\c@lotdepth=\count272
\sf@top=\skip54
\sf@bottom=\skip55
)
Package caption Info: Option `figurename' requires the `newfloat' package on input line 8.
 (C:\Users\zarat\AppData\Local\Programs\MiKTeX\tex/latex/newfloat\newfloat.sty
Package: newfloat 2023/10/01 v1.2 Defining new floating environments (AR)
) (C:\Users\zarat\AppData\Local\Programs\MiKTeX\tex/latex/base\inputenc.sty
Package: inputenc 2021/02/14 v1.3d Input encoding file
\inpenc@prehook=\toks20
\inpenc@posthook=\toks21
) (C:\Users\zarat\AppData\Local\Programs\MiKTeX\tex/generic/babel\babel.sty
Package: babel 2023/03/28 3.87 The Babel package
\babel@savecnt=\count273
\U@D=\dimen161
\l@unhyphenated=\language79
 (C:\Users\zarat\AppData\Local\Programs\MiKTeX\tex/generic/babel\txtbabel.def)
\bbl@readstream=\read2
\bbl@dirlevel=\count274

*************************************
* Local config file bblopts.cfg used
*
(C:\Users\zarat\AppData\Local\Programs\MiKTeX\tex/latex/arabi\bblopts.cfg
File: bblopts.cfg 2005/09/08 v0.1 add Arabic and Farsi to "declared" options of babel
) (C:\Users\zarat\AppData\Local\Programs\MiKTeX\tex/latex/babel-spanish\spanish.ldf
Language: spanish.ldf 2021/05/27 v5.0q Spanish support from the babel system
\es@quottoks=\toks22
\es@quotdepth=\count275
Package babel Info: Making " an active character on input line 570.
Package babel Info: Making . an active character on input line 675.
Package babel Info: Making < an active character on input line 722.
Package babel Info: Making > an active character on input line 722.
)) (C:\Users\zarat\AppData\Local\Programs\MiKTeX\tex/generic/babel/locale/es\babel-spanish.tex
Package babel Info: Importing font and identification data for spanish
(babel)             from babel-es.ini. Reported on input line 11.
) (C:\Users\zarat\AppData\Local\Programs\MiKTeX\tex/latex/hyperref\hyperref.sty
Package: hyperref 2023-02-07 v7.00v Hypertext links for LaTeX
 (C:\Users\zarat\AppData\Local\Programs\MiKTeX\tex/generic/ltxcmds\ltxcmds.sty
Package: ltxcmds 2023-12-04 v1.26 LaTeX kernel commands for general use (HO)
) (C:\Users\zarat\AppData\Local\Programs\MiKTeX\tex/generic/pdftexcmds\pdftexcmds.sty
Package: pdftexcmds 2020-06-27 v0.33 Utility functions of pdfTeX for LuaTeX (HO)
 (C:\Users\zarat\AppData\Local\Programs\MiKTeX\tex/generic/infwarerr\infwarerr.sty
Package: infwarerr 2019/12/03 v1.5 Providing info/warning/error messages (HO)
)
Package pdftexcmds Info: \pdf@primitive is available.
Package pdftexcmds Info: \pdf@ifprimitive is available.
Package pdftexcmds Info: \pdfdraftmode found.
) (C:\Users\zarat\AppData\Local\Programs\MiKTeX\tex/latex/kvsetkeys\kvsetkeys.sty
Package: kvsetkeys 2022-10-05 v1.19 Key value parser (HO)
) (C:\Users\zarat\AppData\Local\Programs\MiKTeX\tex/generic/kvdefinekeys\kvdefinekeys.sty
Package: kvdefinekeys 2019-12-19 v1.6 Define keys (HO)
) (C:\Users\zarat\AppData\Local\Programs\MiKTeX\tex/generic/pdfescape\pdfescape.sty
Package: pdfescape 2019/12/09 v1.15 Implements pdfTeX's escape features (HO)
) (C:\Users\zarat\AppData\Local\Programs\MiKTeX\tex/latex/hycolor\hycolor.sty
Package: hycolor 2020-01-27 v1.10 Color options for hyperref/bookmark (HO)
) (C:\Users\zarat\AppData\Local\Programs\MiKTeX\tex/latex/letltxmacro\letltxmacro.sty
Package: letltxmacro 2019/12/03 v1.6 Let assignment for LaTeX macros (HO)
) (C:\Users\zarat\AppData\Local\Programs\MiKTeX\tex/latex/auxhook\auxhook.sty
Package: auxhook 2019-12-17 v1.6 Hooks for auxiliary files (HO)
) (C:\Users\zarat\AppData\Local\Programs\MiKTeX\tex/latex/hyperref\nameref.sty
Package: nameref 2022-05-17 v2.50 Cross-referencing by name of section
 (C:\Users\zarat\AppData\Local\Programs\MiKTeX\tex/latex/refcount\refcount.sty
Package: refcount 2019/12/15 v3.6 Data extraction from label references (HO)
) (C:\Users\zarat\AppData\Local\Programs\MiKTeX\tex/generic/gettitlestring\gettitlestring.sty
Package: gettitlestring 2019/12/15 v1.6 Cleanup title references (HO)
 (C:\Users\zarat\AppData\Local\Programs\MiKTeX\tex/latex/kvoptions\kvoptions.sty
Package: kvoptions 2022-06-15 v3.15 Key value format for package options (HO)
))
\c@section@level=\count276
)
\@linkdim=\dimen162
\Hy@linkcounter=\count277
\Hy@pagecounter=\count278
 (C:\Users\zarat\AppData\Local\Programs\MiKTeX\tex/latex/hyperref\pd1enc.def
File: pd1enc.def 2023-02-07 v7.00v Hyperref: PDFDocEncoding definition (HO)
Now handling font encoding PD1 ...
... no UTF-8 mapping file for font encoding PD1
) (C:\Users\zarat\AppData\Local\Programs\MiKTeX\tex/generic/intcalc\intcalc.sty
Package: intcalc 2019/12/15 v1.3 Expandable calculations with integers (HO)
) (C:\Users\zarat\AppData\Local\Programs\MiKTeX\tex/generic/etexcmds\etexcmds.sty
Package: etexcmds 2019/12/15 v1.7 Avoid name clashes with e-TeX commands (HO)
)
\Hy@SavedSpaceFactor=\count279
 (C:\Users\zarat\AppData\Local\Programs\MiKTeX\tex/latex/hyperref\puenc.def
File: puenc.def 2023-02-07 v7.00v Hyperref: PDF Unicode definition (HO)
Now handling font encoding PU ...
... no UTF-8 mapping file for font encoding PU
)
Package hyperref Info: Hyper figures OFF on input line 4177.
Package hyperref Info: Link nesting OFF on input line 4182.
Package hyperref Info: Hyper index ON on input line 4185.
Package hyperref Info: Plain pages OFF on input line 4192.
Package hyperref Info: Backreferencing OFF on input line 4197.
Package hyperref Info: Implicit mode ON; LaTeX internals redefined.
Package hyperref Info: Bookmarks ON on input line 4425.
\c@Hy@tempcnt=\count280
 (C:\Users\zarat\AppData\Local\Programs\MiKTeX\tex/latex/url\url.sty
\Urlmuskip=\muskip16
Package: url 2013/09/16  ver 3.4  Verb mode for urls, etc.
)
LaTeX Info: Redefining \url on input line 4763.
\XeTeXLinkMargin=\dimen163
 (C:\Users\zarat\AppData\Local\Programs\MiKTeX\tex/generic/bitset\bitset.sty
Package: bitset 2019/12/09 v1.3 Handle bit-vector datatype (HO)
 (C:\Users\zarat\AppData\Local\Programs\MiKTeX\tex/generic/bigintcalc\bigintcalc.sty
Package: bigintcalc 2019/12/15 v1.5 Expandable calculations on big integers (HO)
))
\Fld@menulength=\count281
\Field@Width=\dimen164
\Fld@charsize=\dimen165
Package hyperref Info: Hyper figures OFF on input line 6042.
Package hyperref Info: Link nesting OFF on input line 6047.
Package hyperref Info: Hyper index ON on input line 6050.
Package hyperref Info: backreferencing OFF on input line 6057.
Package hyperref Info: Link coloring OFF on input line 6062.
Package hyperref Info: Link coloring with OCG OFF on input line 6067.
Package hyperref Info: PDF/A mode OFF on input line 6072.
 (C:\Users\zarat\AppData\Local\Programs\MiKTeX\tex/latex/base\atbegshi-ltx.sty
Package: atbegshi-ltx 2021/01/10 v1.0c Emulation of the original atbegshi
package with kernel methods
)
\Hy@abspage=\count282
\c@Item=\count283
\c@Hfootnote=\count284
)
Package hyperref Info: Driver (autodetected): hpdftex.
 (C:\Users\zarat\AppData\Local\Programs\MiKTeX\tex/latex/hyperref\hpdftex.def
File: hpdftex.def 2023-02-07 v7.00v Hyperref driver for pdfTeX
 (C:\Users\zarat\AppData\Local\Programs\MiKTeX\tex/latex/base\atveryend-ltx.sty
Package: atveryend-ltx 2020/08/19 v1.0a Emulation of the original atveryend package
with kernel methods
)
\Fld@listcount=\count285
\c@bookmark@seq@number=\count286
 (C:\Users\zarat\AppData\Local\Programs\MiKTeX\tex/latex/rerunfilecheck\rerunfilecheck.sty
Package: rerunfilecheck 2022-07-10 v1.10 Rerun checks for auxiliary files (HO)
 (C:\Users\zarat\AppData\Local\Programs\MiKTeX\tex/generic/uniquecounter\uniquecounter.sty
Package: uniquecounter 2019/12/15 v1.4 Provide unlimited unique counter (HO)
)
Package uniquecounter Info: New unique counter `rerunfilecheck' on input line 285.
)
\Hy@SectionHShift=\skip56
)
Package hyperref Info: Option `colorlinks' set `true' on input line 18.
 (C:\Users\zarat\AppData\Local\Programs\MiKTeX\tex/latex/parskip\parskip.sty
Package: parskip 2021-03-14 v2.0h non-zero parskip adjustments
 (C:\Users\zarat\AppData\Local\Programs\MiKTeX\tex/latex/etoolbox\etoolbox.sty
Package: etoolbox 2020/10/05 v2.5k e-TeX tools for LaTeX (JAW)
\etb@tempcnta=\count287
)) (C:\Users\zarat\AppData\Local\Programs\MiKTeX\tex/latex/lastpage\lastpage.sty
Package: lastpage 2023/10/14 v2.0e lastpage: 2.09 or 2e? (HMM)
 (C:\Users\zarat\AppData\Local\Programs\MiKTeX\tex/latex/lastpage\lastpage2e.sty
Package: lastpage2e 2023/10/14 v2.0e Decide which 2e lastpage version to use (HMM)
 (C:\Users\zarat\AppData\Local\Programs\MiKTeX\tex/latex/lastpage\lastpagemodern.sty
Package: lastpagemodern 2023-10-14 v2.0e Refers to last page's name (HMM; JPG)
\c@lastpagecount=\count288
) 
)) (C:\Users\zarat\AppData\Local\Programs\MiKTeX\tex/latex/xcolor\xcolor.sty
Package: xcolor 2022/06/12 v2.14 LaTeX color extensions (UK)
 (C:\Users\zarat\AppData\Local\Programs\MiKTeX\tex/latex/graphics-cfg\color.cfg
File: color.cfg 2016/01/02 v1.6 sample color configuration
)
Package xcolor Info: Driver file: pdftex.def on input line 227.
 (C:\Users\zarat\AppData\Local\Programs\MiKTeX\tex/latex/graphics\mathcolor.ltx)
Package xcolor Info: Model `cmy' substituted by `cmy0' on input line 1353.
Package xcolor Info: Model `hsb' substituted by `rgb' on input line 1357.
Package xcolor Info: Model `RGB' extended on input line 1369.
Package xcolor Info: Model `HTML' substituted by `rgb' on input line 1371.
Package xcolor Info: Model `Hsb' substituted by `hsb' on input line 1372.
Package xcolor Info: Model `tHsb' substituted by `hsb' on input line 1373.
Package xcolor Info: Model `HSB' substituted by `hsb' on input line 1374.
Package xcolor Info: Model `Gray' substituted by `gray' on input line 1375.
Package xcolor Info: Model `wave' substituted by `hsb' on input line 1376.
) (C:\Users\zarat\AppData\Local\Programs\MiKTeX\tex/latex/fancyhdr\fancyhdr.sty
Package: fancyhdr 2022/11/09 v4.1 Extensive control of page headers and footers
\f@nch@headwidth=\skip57
\f@nch@O@elh=\skip58
\f@nch@O@erh=\skip59
\f@nch@O@olh=\skip60
\f@nch@O@orh=\skip61
\f@nch@O@elf=\skip62
\f@nch@O@erf=\skip63
\f@nch@O@olf=\skip64
\f@nch@O@orf=\skip65
) (C:\Users\zarat\AppData\Local\Programs\MiKTeX\tex/latex/l3backend\l3backend-pdftex.def
File: l3backend-pdftex.def 2023-03-30 L3 backend support: PDF output (pdfTeX)
\l__color_backend_stack_int=\count289
\l__pdf_internal_box=\box52
) (TrabajoEscrito.aux
LaTeX Info: Redefining \. on input line 22.
LaTeX Info: Redefining \% on input line 22.
)
\openout1 = `TrabajoEscrito.aux'.

LaTeX Font Info:    Checking defaults for OML/cmm/m/it on input line 49.
LaTeX Font Info:    ... okay on input line 49.
LaTeX Font Info:    Checking defaults for OMS/cmsy/m/n on input line 49.
LaTeX Font Info:    ... okay on input line 49.
LaTeX Font Info:    Checking defaults for OT1/cmr/m/n on input line 49.
LaTeX Font Info:    ... okay on input line 49.
LaTeX Font Info:    Checking defaults for T1/cmr/m/n on input line 49.
LaTeX Font Info:    ... okay on input line 49.
LaTeX Font Info:    Checking defaults for TS1/cmr/m/n on input line 49.
LaTeX Font Info:    ... okay on input line 49.
LaTeX Font Info:    Checking defaults for OMX/cmex/m/n on input line 49.
LaTeX Font Info:    ... okay on input line 49.
LaTeX Font Info:    Checking defaults for U/cmr/m/n on input line 49.
LaTeX Font Info:    ... okay on input line 49.
LaTeX Font Info:    Checking defaults for PD1/pdf/m/n on input line 49.
LaTeX Font Info:    ... okay on input line 49.
LaTeX Font Info:    Checking defaults for PU/pdf/m/n on input line 49.
LaTeX Font Info:    ... okay on input line 49.

*geometry* driver: auto-detecting
*geometry* detected driver: pdftex
*geometry* verbose mode - [ preamble ] result:
* driver: pdftex
* paper: <default>
* layout: <same size as paper>
* layoutoffset:(h,v)=(0.0pt,0.0pt)
* modes: 
* h-part:(L,W,R)=(71.13188pt, 472.03123pt, 71.13188pt)
* v-part:(T,H,B)=(71.13188pt, 652.70622pt, 71.13188pt)
* \paperwidth=614.295pt
* \paperheight=794.96999pt
* \textwidth=472.03123pt
* \textheight=652.70622pt
* \oddsidemargin=-1.1381pt
* \evensidemargin=-1.1381pt
* \topmargin=-97.26999pt
* \headheight=71.13188pt
* \headsep=25.0pt
* \topskip=12.0pt
* \footskip=30.0pt
* \marginparwidth=44.0pt
* \marginparsep=10.0pt
* \columnsep=10.0pt
* \skip\footins=10.8pt plus 4.0pt minus 2.0pt
* \hoffset=0.0pt
* \voffset=0.0pt
* \mag=1000
* \@twocolumnfalse
* \@twosidefalse
* \@mparswitchfalse
* \@reversemarginfalse
* (1in=72.27pt=25.4mm, 1cm=28.453pt)

(C:\Users\zarat\AppData\Local\Programs\MiKTeX\tex/context/base/mkii\supp-pdf.mkii
[Loading MPS to PDF converter (version 2006.09.02).]
\scratchcounter=\count290
\scratchdimen=\dimen166
\scratchbox=\box53
\nofMPsegments=\count291
\nofMParguments=\count292
\everyMPshowfont=\toks23
\MPscratchCnt=\count293
\MPscratchDim=\dimen167
\MPnumerator=\count294
\makeMPintoPDFobject=\count295
\everyMPtoPDFconversion=\toks24
) (C:\Users\zarat\AppData\Local\Programs\MiKTeX\tex/latex/epstopdf-pkg\epstopdf-base.sty
Package: epstopdf-base 2020-01-24 v2.11 Base part for package epstopdf
Package epstopdf-base Info: Redefining graphics rule for `.eps' on input line 485.
 (C:\Users\zarat\AppData\Local\Programs\MiKTeX\tex/latex/00miktex\epstopdf-sys.cfg
File: epstopdf-sys.cfg 2021/03/18 v2.0 Configuration of epstopdf for MiKTeX
))
Package caption Info: Begin \AtBeginDocument code.
Package caption Info: subfig package v1.3 is loaded.
Package caption Info: hyperref package is loaded.
Package caption Info: End \AtBeginDocument code.
LaTeX Info: Redefining \. on input line 49.
LaTeX Info: Redefining \% on input line 49.
Package hyperref Info: Link coloring ON on input line 49.
 (TrabajoEscrito.out) (TrabajoEscrito.out)
\@outlinefile=\write3
\openout3 = `TrabajoEscrito.out'.

 [1

{C:/Users/zarat/AppData/Local/MiKTeX/fonts/map/pdftex/pdftex.map}] [2] [3] [4] [5] [6] [7] [8] [9] [10] [11]
LaTeX Font Info:    External font `cmex10' loaded for size
(Font)              <17.28> on input line 235.
LaTeX Font Info:    External font `cmex10' loaded for size
(Font)              <12> on input line 235.
 [12] [13] [14] [15] [16]
<Images/Tam.50/1.png, id=126, 263.7855pt x 463.13025pt>
File: Images/Tam.50/1.png Graphic file (type png)
<use Images/Tam.50/1.png>
Package pdftex.def Info: Images/Tam.50/1.png  used on input line 334.
(pdftex.def)             Requested size: 199.16928pt x 349.68594pt.
<Images/Tam.50/2.png, id=127, 663.07726pt x 135.50626pt>
File: Images/Tam.50/2.png Graphic file (type png)
<use Images/Tam.50/2.png>
Package pdftex.def Info: Images/Tam.50/2.png  used on input line 336.
(pdftex.def)             Requested size: 455.24408pt x 93.03418pt.
 [17 <./Images/Tam.50/1.png> <./Images/Tam.50/2.png>]
<Images/Tam.100/1.png, id=133, 293.29575pt x 463.7325pt>
File: Images/Tam.100/1.png Graphic file (type png)
<use Images/Tam.100/1.png>
Package pdftex.def Info: Images/Tam.100/1.png  used on input line 339.
(pdftex.def)             Requested size: 256.0748pt x 404.89458pt.
<Images/Tam.100/2.png, id=134, 672.111pt x 136.1085pt>
File: Images/Tam.100/2.png Graphic file (type png)
<use Images/Tam.100/2.png>
Package pdftex.def Info: Images/Tam.100/2.png  used on input line 341.
(pdftex.def)             Requested size: 455.24408pt x 92.19116pt.
<Images/Tam.500/1.png, id=135, 257.763pt x 461.92575pt>
File: Images/Tam.500/1.png Graphic file (type png)
<use Images/Tam.500/1.png>
Package pdftex.def Info: Images/Tam.500/1.png  used on input line 343.
(pdftex.def)             Requested size: 256.0748pt x 458.922pt.
 [18 <./Images/Tam.100/1.png> <./Images/Tam.100/2.png>]
<Images/Tam.500/2.png, id=141, 661.2705pt x 134.30174pt>
File: Images/Tam.500/2.png Graphic file (type png)
<use Images/Tam.500/2.png>
Package pdftex.def Info: Images/Tam.500/2.png  used on input line 345.
(pdftex.def)             Requested size: 455.24408pt x 92.45926pt.
<Images/Tam.800/1.png, id=142, 242.70676pt x 459.51675pt>
File: Images/Tam.800/1.png Graphic file (type png)
<use Images/Tam.800/1.png>
Package pdftex.def Info: Images/Tam.800/1.png  used on input line 347.
(pdftex.def)             Requested size: 256.0748pt x 484.86273pt.
 [19 <./Images/Tam.500/1.png> <./Images/Tam.500/2.png>]
<Images/Tam.800/2.png, id=149, 667.89525pt x 133.6995pt>
File: Images/Tam.800/2.png Graphic file (type png)
<use Images/Tam.800/2.png>
Package pdftex.def Info: Images/Tam.800/2.png  used on input line 349.
(pdftex.def)             Requested size: 455.24408pt x 91.13274pt.
<Images/Tam.1000/1.png, id=150, 246.9225pt x 459.51675pt>
File: Images/Tam.1000/1.png Graphic file (type png)
<use Images/Tam.1000/1.png>
Package pdftex.def Info: Images/Tam.1000/1.png  used on input line 351.
(pdftex.def)             Requested size: 256.0748pt x 476.57497pt.
 [20 <./Images/Tam.800/1.png> <./Images/Tam.800/2.png>]
<Images/Tam.1000/2.png, id=156, 664.884pt x 128.27925pt>
File: Images/Tam.1000/2.png Graphic file (type png)
<use Images/Tam.1000/2.png>
Package pdftex.def Info: Images/Tam.1000/2.png  used on input line 353.
(pdftex.def)             Requested size: 455.24408pt x 87.8316pt.
<Images/Tam.2000/1.png, id=157, 240.29774pt x 460.72125pt>
File: Images/Tam.2000/1.png Graphic file (type png)
<use Images/Tam.2000/1.png>
Package pdftex.def Info: Images/Tam.2000/1.png  used on input line 355.
(pdftex.def)             Requested size: 256.0748pt x 490.99846pt.
 [21 <./Images/Tam.1000/1.png> <./Images/Tam.1000/2.png>]
<Images/Tam.2000/2.png, id=163, 666.69075pt x 134.904pt>
File: Images/Tam.2000/2.png Graphic file (type png)
<use Images/Tam.2000/2.png>
Package pdftex.def Info: Images/Tam.2000/2.png  used on input line 357.
(pdftex.def)             Requested size: 455.24408pt x 92.11638pt.
<Images/Tam.5000/1.png, id=164, 274.02374pt x 463.7325pt>
File: Images/Tam.5000/1.png Graphic file (type png)
<use Images/Tam.5000/1.png>
Package pdftex.def Info: Images/Tam.5000/1.png  used on input line 359.
(pdftex.def)             Requested size: 256.0748pt x 433.38954pt.
 [22 <./Images/Tam.2000/1.png> <./Images/Tam.2000/2.png>]
<Images/Tam.5000/2.png, id=170, 667.293pt x 131.89275pt>
File: Images/Tam.5000/2.png Graphic file (type png)
<use Images/Tam.5000/2.png>
Package pdftex.def Info: Images/Tam.5000/2.png  used on input line 361.
(pdftex.def)             Requested size: 455.24408pt x 89.9817pt.
<Images/Tam.10000/1.png, id=171, 251.13824pt x 461.92575pt>
File: Images/Tam.10000/1.png Graphic file (type png)
<use Images/Tam.10000/1.png>
Package pdftex.def Info: Images/Tam.10000/1.png  used on input line 363.
(pdftex.def)             Requested size: 256.0748pt x 471.02411pt.
 [23 <./Images/Tam.5000/1.png> <./Images/Tam.5000/2.png>]
<Images/Tam.10000/2.png, id=177, 665.48625pt x 134.30174pt>
File: Images/Tam.10000/2.png Graphic file (type png)
<use Images/Tam.10000/2.png>
Package pdftex.def Info: Images/Tam.10000/2.png  used on input line 365.
(pdftex.def)             Requested size: 455.24408pt x 91.87317pt.
<Images/Tab_HS.png, id=178, 298.716pt x 172.2435pt>
File: Images/Tab_HS.png Graphic file (type png)
<use Images/Tab_HS.png>
Package pdftex.def Info: Images/Tab_HS.png  used on input line 367.
(pdftex.def)             Requested size: 426.79134pt x 246.11447pt.
 [24 <./Images/Tam.10000/1.png> <./Images/Tam.10000/2.png>]
<Images/Graf_HS.png, id=184, 569.7285pt x 328.22626pt>
File: Images/Graf_HS.png Graphic file (type png)
<use Images/Graf_HS.png>
Package pdftex.def Info: Images/Graf_HS.png  used on input line 369.
(pdftex.def)             Requested size: 426.79134pt x 245.8786pt.
<Images/Tab_MS.png, id=185, 295.70474pt x 166.221pt>
File: Images/Tab_MS.png Graphic file (type png)
<use Images/Tab_MS.png>
Package pdftex.def Info: Images/Tab_MS.png  used on input line 371.
(pdftex.def)             Requested size: 426.79134pt x 239.91853pt.
 [25 <./Images/Tab_HS.png> <./Images/Graf_HS.png>]
<Images/Graf_MS.png, id=192, 575.751pt x 322.806pt>
File: Images/Graf_MS.png Graphic file (type png)
<use Images/Graf_MS.png>
Package pdftex.def Info: Images/Graf_MS.png  used on input line 373.
(pdftex.def)             Requested size: 426.79134pt x 239.30122pt.
<Images/Tab_CS.png, id=193, 295.1025pt x 163.20975pt>
File: Images/Tab_CS.png Graphic file (type png)
<use Images/Tab_CS.png>
Package pdftex.def Info: Images/Tab_CS.png  used on input line 375.
(pdftex.def)             Requested size: 426.79134pt x 236.04787pt.
 [26 <./Images/Tab_MS.png> <./Images/Graf_MS.png>]
<Images/Graf_CS.png, id=199, 584.78474pt x 311.36325pt>
File: Images/Graf_CS.png Graphic file (type png)
<use Images/Graf_CS.png>
Package pdftex.def Info: Images/Graf_CS.png  used on input line 377.
(pdftex.def)             Requested size: 426.79134pt x 227.24101pt.
 [27 <./Images/Tab_CS.png> <./Images/Graf_CS.png>] [28] [29]
<Images/Graf_QS.png, id=221, 446.8695pt x 251.13824pt>
File: Images/Graf_QS.png Graphic file (type png)
<use Images/Graf_QS.png>
Package pdftex.def Info: Images/Graf_QS.png  used on input line 426.
(pdftex.def)             Requested size: 426.79134pt x 239.86755pt.
<Images/Graf_IS.png, id=222, 452.28975pt x 284.262pt>
File: Images/Graf_IS.png Graphic file (type png)
<use Images/Graf_IS.png>
Package pdftex.def Info: Images/Graf_IS.png  used on input line 430.
(pdftex.def)             Requested size: 426.79134pt x 268.23862pt.
 [30 <./Images/Graf_QS.png>]
<Images/Graf_SS.png, id=228, 372.1905pt x 227.04825pt>
File: Images/Graf_SS.png Graphic file (type png)
<use Images/Graf_SS.png>
Package pdftex.def Info: Images/Graf_SS.png  used on input line 437.
(pdftex.def)             Requested size: 426.79134pt x 260.35512pt.
 [31 <./Images/Graf_IS.png>]
<Images/Tab_SS.png, id=235, 161.403pt x 158.994pt>
File: Images/Tab_SS.png Graphic file (type png)
<use Images/Tab_SS.png>
Package pdftex.def Info: Images/Tab_SS.png  used on input line 439.
(pdftex.def)             Requested size: 426.79134pt x 420.49266pt.
 [32 <./Images/Graf_SS.png>]
<Images/Graf_BS.png, id=241, 375.804pt x 230.66174pt>
File: Images/Graf_BS.png Graphic file (type png)
<use Images/Graf_BS.png>
Package pdftex.def Info: Images/Graf_BS.png  used on input line 441.
(pdftex.def)             Requested size: 426.79134pt x 261.9716pt.
 [33 <./Images/Tab_SS.png>]
<Images/Tab_BS.png, id=247, 166.82326pt x 161.403pt>
File: Images/Tab_BS.png Graphic file (type png)
<use Images/Tab_BS.png>
Package pdftex.def Info: Images/Tab_BS.png  used on input line 443.
(pdftex.def)             Requested size: 426.79134pt x 412.94891pt.
 [34 <./Images/Graf_BS.png>] [35 <./Images/Tab_BS.png>] [36] [37] [38]
Underfull \hbox (badness 10000) in paragraph at lines 501--504
[]\OT1/cmr/m/n/17.28 Comparaci^^Son de al-go-rit-mos de cla-si-fi-ca-
 []


Underfull \hbox (badness 10000) in paragraph at lines 501--504
\OT1/cmr/m/n/17.28 ci^^Son. (20 de fe-bre-ro de 2024). Af-te-rA-ca-demy.
 []


Overfull \hbox (101.70016pt too wide) in paragraph at lines 501--504
\OT1/cmtt/m/n/17.28 https://afteracademy.com/blog/comparison-of-sorting-algorithms 
 []

[39] 
enddocument/afterlastpage: lastpage setting LastPage.
(TrabajoEscrito.aux
LaTeX Info: Redefining \. on input line 22.
LaTeX Info: Redefining \% on input line 22.
)
Package rerunfilecheck Info: File `TrabajoEscrito.out' has not changed.
(rerunfilecheck)             Checksum: 1EA41A217A61C8C3F43DF936A067AD07;516.
 ) 
Here is how much of TeX's memory you used:
 13365 strings out of 476331
 221946 string characters out of 5787765
 1858660 words of memory out of 5000000
 33555 multiletter control sequences out of 15000+600000
 516488 words of font info for 46 fonts, out of 8000000 for 9000
 1141 hyphenation exceptions out of 8191
 75i,12n,79p,994b,648s stack positions out of 10000i,1000n,20000p,200000b,200000s
 <C:\Users\zarat\AppData\Local\MiKTeX\fonts/pk/ljfour/jknappen/ec/dpi600\tcrm1728.pk><C:/Users/zarat/AppData/Local/Programs/MiKTeX/fonts/type1/public/amsfonts/cm/cmbx12.pfb><C:/Users/zarat/AppData/Local/Programs/MiKTeX/fonts/type1/public/amsfonts/cm/cmmi12.pfb><C:/Users/zarat/AppData/Local/Programs/MiKTeX/fonts/type1/public/amsfonts/cm/cmr12.pfb><C:/Users/zarat/AppData/Local/Programs/MiKTeX/fonts/type1/public/amsfonts/cm/cmr17.pfb><C:/Users/zarat/AppData/Local/Programs/MiKTeX/fonts/type1/public/amsfonts/cm/cmti12.pfb><C:/Users/zarat/AppData/Local/Programs/MiKTeX/fonts/type1/public/amsfonts/cm/cmtt12.pfb>
Output written on TrabajoEscrito.pdf (39 pages, 691063 bytes).
PDF statistics:
 335 PDF objects out of 1000 (max. 8388607)
 75 named destinations out of 1000 (max. 500000)
 165 words of extra memory for PDF output out of 10000 (max. 10000000)

